2024-01-28 19:31:15.939 [info] Log level: Info
2024-01-28 19:31:15.939 [info] Validating found git in: "git"
2024-01-28 19:31:15.939 [info] Using git "2.43.0" from "git"
2024-01-28 19:31:15.939 [info] > git rev-parse --show-toplevel [2ms]
2024-01-28 19:31:15.939 [info] > git rev-parse --git-dir --git-common-dir [1ms]
2024-01-28 19:31:15.942 [info] Open repository: /home/luke/sandbox/gitRepoUtils
2024-01-28 19:31:15.949 [info] > git config --get commit.template [1ms]
2024-01-28 19:31:15.954 [info] > git for-each-ref --format=%(refname)%00%(upstream:short)%00%(objectname)%00%(upstream:track)%00%(upstream:remotename)%00%(upstream:remoteref) refs/heads/master refs/remotes/master [2ms]
2024-01-28 19:31:15.959 [info] > git status -z -uall [1ms]
2024-01-28 19:31:15.967 [info] > git config --get commit.template [1ms]
2024-01-28 19:31:15.972 [info] > git for-each-ref --format=%(refname)%00%(upstream:short)%00%(objectname)%00%(upstream:track)%00%(upstream:remotename)%00%(upstream:remoteref) refs/heads/master refs/remotes/master [2ms]
2024-01-28 19:31:15.977 [info] > git status -z -uall [1ms]
2024-01-28 19:31:16.465 [info] > git check-ignore -v -z --stdin [2ms]
2024-01-28 19:31:20.371 [info] > git show --textconv :README.md [5ms]
2024-01-28 19:31:20.372 [info] > git ls-files --stage -- /home/luke/sandbox/gitRepoUtils/README.md [2ms]
2024-01-28 19:31:20.376 [info] > git cat-file -s e69de29bb2d1d6434b8b29ae775ad8c2e48c5391 [1ms]
2024-01-28 19:31:29.073 [info] > git show --textconv :README.md [6ms]
2024-01-28 19:31:29.075 [info] > git ls-files --stage -- /home/luke/sandbox/gitRepoUtils/README.md [2ms]
2024-01-28 19:31:29.082 [info] > git cat-file -s e69de29bb2d1d6434b8b29ae775ad8c2e48c5391 [2ms]
2024-01-28 19:44:00.090 [info] > git config --get commit.template [7ms]
2024-01-28 19:44:00.090 [info] > git for-each-ref --format=%(refname)%00%(upstream:short)%00%(objectname)%00%(upstream:track)%00%(upstream:remotename)%00%(upstream:remoteref) refs/heads/master refs/remotes/master [1ms]
2024-01-28 19:44:00.099 [info] > git status -z -uall [2ms]
2024-01-28 20:09:23.291 [info] > git show --textconv :createRepot.sh [8ms]
2024-01-28 20:09:23.292 [info] > git ls-files --stage -- /home/luke/sandbox/gitRepoUtils/createRepot.sh [2ms]
2024-01-28 20:09:23.559 [info] > git check-ignore -v -z --stdin [1ms]
2024-01-28 20:09:24.113 [info] > git config --get commit.template [7ms]
2024-01-28 20:09:24.114 [info] > git for-each-ref --format=%(refname)%00%(upstream:short)%00%(objectname)%00%(upstream:track)%00%(upstream:remotename)%00%(upstream:remoteref) refs/heads/master refs/remotes/master [2ms]
2024-01-28 20:09:24.121 [info] > git status -z -uall [2ms]
2024-01-28 20:09:31.492 [info] > git config --get commit.template [7ms]
2024-01-28 20:09:31.493 [info] > git for-each-ref --format=%(refname)%00%(upstream:short)%00%(objectname)%00%(upstream:track)%00%(upstream:remotename)%00%(upstream:remoteref) refs/heads/master refs/remotes/master [2ms]
2024-01-28 20:09:31.501 [info] > git status -z -uall [2ms]
2024-01-28 20:10:08.011 [info] > git config --get commit.template [7ms]
2024-01-28 20:10:08.011 [info] > git for-each-ref --format=%(refname)%00%(upstream:short)%00%(objectname)%00%(upstream:track)%00%(upstream:remotename)%00%(upstream:remoteref) refs/heads/master refs/remotes/master [1ms]
2024-01-28 20:10:08.020 [info] > git status -z -uall [2ms]
2024-01-28 20:12:31.605 [info] > git config --get commit.template [7ms]
2024-01-28 20:12:31.605 [info] > git for-each-ref --format=%(refname)%00%(upstream:short)%00%(objectname)%00%(upstream:track)%00%(upstream:remotename)%00%(upstream:remoteref) refs/heads/master refs/remotes/master [1ms]
2024-01-28 20:12:31.613 [info] > git status -z -uall [2ms]
2024-01-28 20:14:33.691 [info] > git config --get commit.template [6ms]
2024-01-28 20:14:33.692 [info] > git for-each-ref --format=%(refname)%00%(upstream:short)%00%(objectname)%00%(upstream:track)%00%(upstream:remotename)%00%(upstream:remoteref) refs/heads/master refs/remotes/master [1ms]
2024-01-28 20:14:33.700 [info] > git status -z -uall [2ms]
2024-01-28 20:14:41.503 [info] > git show --textconv :createRepo.sh [7ms]
2024-01-28 20:14:41.504 [info] > git ls-files --stage -- /home/luke/sandbox/gitRepoUtils/createRepo.sh [2ms]
2024-01-28 20:14:41.784 [info] > git check-ignore -v -z --stdin [1ms]
2024-01-28 20:14:42.327 [info] > git config --get commit.template [6ms]
2024-01-28 20:14:42.328 [info] > git for-each-ref --format=%(refname)%00%(upstream:short)%00%(objectname)%00%(upstream:track)%00%(upstream:remotename)%00%(upstream:remoteref) refs/heads/master refs/remotes/master [2ms]
2024-01-28 20:14:42.334 [info] > git status -z -uall [1ms]
2024-01-28 20:15:55.421 [info] > git config --get commit.template [7ms]
2024-01-28 20:15:55.421 [info] > git for-each-ref --format=%(refname)%00%(upstream:short)%00%(objectname)%00%(upstream:track)%00%(upstream:remotename)%00%(upstream:remoteref) refs/heads/master refs/remotes/master [1ms]
2024-01-28 20:15:55.428 [info] > git status -z -uall [1ms]
