2024-02-09 21:05:11.738 [info] Log level: Info
2024-02-09 21:05:11.738 [info] Validating found git in: "git"
2024-02-09 21:05:11.738 [info] Using git "2.43.0" from "git"
2024-02-09 21:05:11.738 [info] > git rev-parse --show-toplevel [1ms]
2024-02-09 21:05:11.738 [info] > git rev-parse --git-dir --git-common-dir [1ms]
2024-02-09 21:05:11.738 [info] Open repository: /home/luke/OSS-Repos/qwt-git
2024-02-09 21:05:11.739 [info] > git config --get commit.template [4ms]
2024-02-09 21:05:11.740 [info] > git rev-parse --show-toplevel [2ms]
2024-02-09 21:05:11.748 [info] > git for-each-ref --format=%(refname)%00%(upstream:short)%00%(objectname)%00%(upstream:track)%00%(upstream:remotename)%00%(upstream:remoteref) refs/heads/develop refs/remotes/develop [5ms]
2024-02-09 21:05:11.751 [warning] ENOENT: no such file or directory, open '/home/luke/OSS-Repos/qwt-git/.git/refs/remotes/origin/develop'
2024-02-09 21:05:11.751 [info] > git rev-parse --show-toplevel [4ms]
2024-02-09 21:05:11.756 [info] > git rev-parse refs/remotes/origin/develop [5ms]
2024-02-09 21:05:11.760 [info] > git rev-parse --show-toplevel [5ms]
2024-02-09 21:05:11.765 [info] > git status -z -uall [6ms]
2024-02-09 21:05:11.765 [info] > git rev-parse --show-toplevel [1ms]
2024-02-09 21:05:11.781 [info] > git config --get commit.template [3ms]
2024-02-09 21:05:11.781 [info] > git rev-parse --show-toplevel [7ms]
2024-02-09 21:05:11.788 [info] > git rev-parse --show-toplevel [3ms]
2024-02-09 21:05:11.791 [info] > git for-each-ref --format=%(refname)%00%(upstream:short)%00%(objectname)%00%(upstream:track)%00%(upstream:remotename)%00%(upstream:remoteref) refs/heads/develop refs/remotes/develop [4ms]
2024-02-09 21:05:11.791 [info] > git rev-parse --show-toplevel [1ms]
2024-02-09 21:05:11.794 [warning] ENOENT: no such file or directory, open '/home/luke/OSS-Repos/qwt-git/.git/refs/remotes/origin/develop'
2024-02-09 21:05:11.797 [info] > git rev-parse refs/remotes/origin/develop [3ms]
2024-02-09 21:05:11.800 [info] > git rev-parse --show-toplevel [4ms]
2024-02-09 21:05:11.803 [info] > git status -z -uall [3ms]
2024-02-09 21:05:11.805 [info] > git rev-parse --show-toplevel [2ms]
2024-02-09 21:05:12.259 [info] > git check-ignore -v -z --stdin [2ms]
2024-02-09 21:05:24.379 [info] > git show --textconv :qwt.pro [7ms]
2024-02-09 21:05:24.380 [info] > git ls-files --stage -- /home/luke/OSS-Repos/qwt-git/qwt.pro [2ms]
2024-02-09 21:05:24.385 [info] > git cat-file -s 344d545f56f460395acc3cc6cc080162d313eedb [1ms]
2024-02-09 21:05:45.786 [info] > git show --textconv :qwtconfig.pri [6ms]
2024-02-09 21:05:45.787 [info] > git ls-files --stage -- /home/luke/OSS-Repos/qwt-git/qwtconfig.pri [2ms]
2024-02-09 21:05:45.791 [info] > git cat-file -s b8f534f3ed06032f4e04036e9834cf82871d4201 [1ms]
2024-02-09 21:05:49.362 [info] > git show --textconv :COPYING [7ms]
2024-02-09 21:05:49.363 [info] > git ls-files --stage -- /home/luke/OSS-Repos/qwt-git/COPYING [2ms]
2024-02-09 21:05:49.371 [info] > git cat-file -s 9c01f7e212071342201af638f49c550b649a26e3 [2ms]
2024-02-09 21:05:58.168 [info] > git show --textconv :CHANGES-6.2 [8ms]
2024-02-09 21:05:58.169 [info] > git ls-files --stage -- /home/luke/OSS-Repos/qwt-git/CHANGES-6.2 [2ms]
2024-02-09 21:05:58.174 [info] > git cat-file -s 0ae4a9b4c71f21a449896c1a1a08623f492e980c [1ms]
2024-02-09 21:14:28.686 [info] > git show --textconv :Makefile [9ms]
2024-02-09 21:14:28.687 [info] > git ls-files --stage -- /home/luke/OSS-Repos/qwt-git/Makefile [4ms]
2024-02-09 21:18:56.426 [info] > git show --textconv :qwt.pro [6ms]
2024-02-09 21:18:56.428 [info] > git ls-files --stage -- /home/luke/OSS-Repos/qwt-git/qwt.pro [1ms]
2024-02-09 21:18:56.433 [info] > git cat-file -s 344d545f56f460395acc3cc6cc080162d313eedb [1ms]
2024-02-09 21:19:22.853 [info] > git show --textconv :qwtfunctions.pri [6ms]
2024-02-09 21:19:22.855 [info] > git ls-files --stage -- /home/luke/OSS-Repos/qwt-git/qwtfunctions.pri [1ms]
2024-02-09 21:19:22.861 [info] > git cat-file -s 45ba6b6e866f89ff2f823e64b131b6aac019fb18 [1ms]
2024-02-09 21:19:25.189 [info] > git show --textconv :qwtconfig.pri [8ms]
2024-02-09 21:19:25.190 [info] > git ls-files --stage -- /home/luke/OSS-Repos/qwt-git/qwtconfig.pri [2ms]
2024-02-09 21:19:25.195 [info] > git cat-file -s b8f534f3ed06032f4e04036e9834cf82871d4201 [1ms]
2024-02-09 21:32:57.551 [info] > git show --textconv :qwtbuild.pri [6ms]
2024-02-09 21:32:57.552 [info] > git ls-files --stage -- /home/luke/OSS-Repos/qwt-git/qwtbuild.pri [1ms]
2024-02-09 21:32:57.558 [info] > git cat-file -s 783b6ea716dfc20b1ddae4ee4b0b6a23a8be19aa [1ms]
2024-02-09 21:33:58.649 [info] > git config --get commit.template [2ms]
2024-02-09 21:33:58.655 [info] > git for-each-ref --format=%(refname)%00%(upstream:short)%00%(objectname)%00%(upstream:track)%00%(upstream:remotename)%00%(upstream:remoteref) refs/heads/develop refs/remotes/develop [1ms]
2024-02-09 21:33:58.659 [warning] ENOENT: no such file or directory, open '/home/luke/OSS-Repos/qwt-git/.git/refs/remotes/origin/develop'
2024-02-09 21:33:58.661 [info] > git rev-parse refs/remotes/origin/develop [2ms]
2024-02-09 21:33:58.670 [info] > git status -z -uall [5ms]
2024-02-09 21:34:13.670 [info] > git show --textconv :qwtconfig.pri [7ms]
2024-02-09 21:34:13.671 [info] > git ls-files --stage -- /home/luke/OSS-Repos/qwt-git/qwtconfig.pri [2ms]
2024-02-09 21:34:13.677 [info] > git cat-file -s b8f534f3ed06032f4e04036e9834cf82871d4201 [1ms]
2024-02-09 21:34:15.284 [info] > git show --textconv :qwt.pro [6ms]
2024-02-09 21:34:15.285 [info] > git ls-files --stage -- /home/luke/OSS-Repos/qwt-git/qwt.pro [1ms]
2024-02-09 21:34:15.292 [info] > git cat-file -s 344d545f56f460395acc3cc6cc080162d313eedb [2ms]
2024-02-09 21:34:55.639 [info] > git config --get commit.template [1ms]
2024-02-09 21:34:55.643 [info] > git for-each-ref --format=%(refname)%00%(upstream:short)%00%(objectname)%00%(upstream:track)%00%(upstream:remotename)%00%(upstream:remoteref) refs/heads/develop refs/remotes/develop [1ms]
2024-02-09 21:34:55.646 [warning] ENOENT: no such file or directory, open '/home/luke/OSS-Repos/qwt-git/.git/refs/remotes/origin/develop'
2024-02-09 21:34:55.647 [info] > git rev-parse refs/remotes/origin/develop [0ms]
2024-02-09 21:34:55.652 [info] > git status -z -uall [3ms]
2024-02-10 01:09:09.643 [info] > git check-ignore -v -z --stdin [1ms]
2024-02-10 18:45:44.276 [info] > git config --get commit.template [6ms]
2024-02-10 18:45:44.276 [info] > git for-each-ref --format=%(refname)%00%(upstream:short)%00%(objectname)%00%(upstream:track)%00%(upstream:remotename)%00%(upstream:remoteref) refs/heads/develop refs/remotes/develop [1ms]
2024-02-10 18:45:44.281 [warning] ENOENT: no such file or directory, open '/home/luke/OSS-Repos/qwt-git/.git/refs/remotes/origin/develop'
2024-02-10 18:45:44.282 [info] > git rev-parse refs/remotes/origin/develop [1ms]
2024-02-10 18:45:44.292 [info] > git status -z -uall [5ms]
