2024-01-17 22:18:55.891 [info] Log level: Info
2024-01-17 22:18:55.891 [info] Validating found git in: "git"
2024-01-17 22:18:55.891 [info] Using git "2.43.0" from "git"
2024-01-17 22:18:55.891 [info] > git rev-parse --show-toplevel [1ms]
2024-01-17 22:18:55.892 [info] > git rev-parse --git-dir --git-common-dir [1ms]
2024-01-17 22:18:55.900 [info] Open repository: /home/luke/sandbox/Hyprland
2024-01-17 22:18:55.911 [info] > git config --get commit.template [5ms]
2024-01-17 22:18:55.913 [info] > git rev-parse --show-toplevel [3ms]
2024-01-17 22:18:55.920 [info] > git for-each-ref --format=%(refname)%00%(upstream:short)%00%(objectname)%00%(upstream:track)%00%(upstream:remotename)%00%(upstream:remoteref) refs/heads/main refs/remotes/main [3ms]
2024-01-17 22:18:55.924 [warning] ENOENT: no such file or directory, open '/home/luke/sandbox/Hyprland/.git/refs/remotes/origin/main'
2024-01-17 22:18:55.924 [info] > git rev-parse --show-toplevel [4ms]
2024-01-17 22:18:55.928 [info] > git rev-parse refs/remotes/origin/main [4ms]
2024-01-17 22:18:55.932 [info] > git rev-parse --show-toplevel [4ms]
2024-01-17 22:18:55.937 [info] > git rev-parse --show-toplevel [1ms]
2024-01-17 22:18:55.942 [info] > git rev-parse --show-toplevel [1ms]
2024-01-17 22:18:55.946 [info] > git rev-parse --show-toplevel [0ms]
2024-01-17 22:18:55.950 [info] > git rev-parse --show-toplevel [1ms]
2024-01-17 22:18:55.954 [info] > git rev-parse --show-toplevel [1ms]
2024-01-17 22:18:55.959 [info] > git rev-parse --show-toplevel [1ms]
2024-01-17 22:18:55.963 [info] > git rev-parse --show-toplevel [0ms]
2024-01-17 22:18:55.967 [info] > git rev-parse --show-toplevel [1ms]
2024-01-17 22:18:56.067 [info] > git status -z -uall [135ms]
2024-01-17 22:18:56.079 [info] > git config --get commit.template [2ms]
2024-01-17 22:18:56.116 [info] > git for-each-ref --format=%(refname)%00%(upstream:short)%00%(objectname)%00%(upstream:track)%00%(upstream:remotename)%00%(upstream:remoteref) refs/heads/main refs/remotes/main [32ms]
2024-01-17 22:18:56.121 [warning] ENOENT: no such file or directory, open '/home/luke/sandbox/Hyprland/.git/refs/remotes/origin/main'
2024-01-17 22:18:56.123 [info] > git rev-parse refs/remotes/origin/main [2ms]
2024-01-17 22:18:56.262 [info] > git status -z -uall [135ms]
2024-01-17 22:18:56.423 [info] > git check-ignore -v -z --stdin [2ms]
2024-01-17 22:18:56.771 [info] > git rev-parse --show-toplevel [1ms]
2024-01-17 22:18:56.778 [info] > git rev-parse --git-dir --git-common-dir [1ms]
2024-01-17 22:18:56.781 [info] Open repository: /home/luke/sandbox/Hyprland/subprojects/wlroots
2024-01-17 22:18:56.791 [info] > git config --get commit.template [5ms]
2024-01-17 22:18:56.792 [info] > git rev-parse --show-toplevel [2ms]
2024-01-17 22:18:56.802 [info] > git for-each-ref --format %(refname) %(objectname) %(*objectname) refs/tags [4ms]
2024-01-17 22:18:56.807 [info] > git rev-parse --git-dir --git-common-dir [6ms]
2024-01-17 22:18:56.813 [info] Open repository: /home/luke/sandbox/Hyprland/subprojects/hyprland-protocols
2024-01-17 22:18:56.822 [info] > git status -z -uall [16ms]
2024-01-17 22:18:56.822 [info] > git rev-parse --show-toplevel [1ms]
2024-01-17 22:18:56.823 [info] > git config --get commit.template [5ms]
2024-01-17 22:18:56.840 [info] > git config --get commit.template [4ms]
2024-01-17 22:18:56.840 [info] > git rev-parse --git-dir --git-common-dir [8ms]
2024-01-17 22:18:56.844 [info] Open repository: /home/luke/sandbox/Hyprland/subprojects/udis86
2024-01-17 22:18:56.851 [info] > git for-each-ref --format %(refname) %(objectname) %(*objectname) refs/tags [12ms]
2024-01-17 22:18:56.859 [info] > git status -z -uall [5ms]
2024-01-17 22:18:56.859 [info] > git rev-parse --show-toplevel [8ms]
2024-01-17 22:18:56.860 [info] > git config --get commit.template [12ms]
2024-01-17 22:18:56.865 [info] > git for-each-ref --format %(refname) %(objectname) %(*objectname) refs/tags [7ms]
2024-01-17 22:18:56.879 [info] > git status -z -uall [11ms]
2024-01-17 22:18:56.879 [info] > git rev-parse --git-dir --git-common-dir [15ms]
2024-01-17 22:18:56.882 [info] Open repository: /home/luke/sandbox/Hyprland/subprojects/tracy
2024-01-17 22:18:56.886 [info] > git config --get commit.template [7ms]
2024-01-17 22:18:56.886 [info] > git for-each-ref --format %(refname) %(objectname) %(*objectname) refs/tags [12ms]
2024-01-17 22:18:56.895 [info] > git config --get commit.template [9ms]
2024-01-17 22:18:56.902 [info] > git status -z -uall [11ms]
2024-01-17 22:18:56.903 [info] > git for-each-ref --format %(refname) %(objectname) %(*objectname) refs/tags [4ms]
2024-01-17 22:18:56.913 [info] > git status -z -uall [7ms]
2024-01-17 22:18:56.914 [info] > git for-each-ref --format %(refname) %(objectname) %(*objectname) refs/tags [12ms]
2024-01-17 22:18:56.918 [info] > git config --get commit.template [5ms]
2024-01-17 22:18:56.923 [info] > git for-each-ref --format %(refname) %(objectname) %(*objectname) refs/tags [1ms]
2024-01-17 22:18:56.933 [info] > git status -z -uall [6ms]
2024-01-17 22:18:56.975 [info] > git status -z -uall [58ms]
2024-01-17 22:18:56.981 [info] > git config --get commit.template [0ms]
2024-01-17 22:18:56.986 [info] > git for-each-ref --format %(refname) %(objectname) %(*objectname) refs/tags [2ms]
2024-01-17 22:18:57.045 [info] > git status -z -uall [56ms]
2024-01-17 22:18:57.301 [info] > git check-ignore -v -z --stdin [1ms]
2024-01-17 22:19:27.336 [info] > git show --textconv :CMakeLists.txt [6ms]
2024-01-17 22:19:27.337 [info] > git ls-files --stage -- /home/luke/sandbox/Hyprland/CMakeLists.txt [2ms]
2024-01-17 22:19:27.341 [info] > git cat-file -s f894212caf12424c14236190fdd9f764b2cc4893 [1ms]
2024-01-17 22:21:15.196 [info] > git check-ignore -v -z --stdin [2ms]
2024-01-17 22:21:21.171 [info] > git show --textconv :src/main.cpp [10ms]
2024-01-17 22:21:21.171 [info] > git ls-files --stage -- /home/luke/sandbox/Hyprland/src/main.cpp [2ms]
2024-01-17 22:21:21.177 [info] > git cat-file -s e1f43ad05c42e7e212b91b8fb7054581da2f396d [2ms]
